<?xml version="1.0" encoding="UTF-8"?>
<!-- Generated by org.testng.reporters.JUnitXMLReporter -->
<testsuite ignored="0" hostname="LIN41005801" failures="0" tests="4" name="Default test" time="1.684" errors="0" timestamp="2022-06-20T14:43:33 IST">
  <testcase classname="Test.UserTest" name="DeleteMethod" time="1.423"/>
  <testcase classname="Test.UserTest" name="PostMethod" time="0.15"/>
  <testcase classname="Test.UserTest" name="GetMethod" time="0.038"/>
  <testcase classname="Test.UserTest" name="PutMethod" time="0.031"/>
</testsuite> <!-- Default test -->
