<?xml version="1.0" encoding="UTF-8"?>
<testng-results ignored="0" total="4" passed="4" failed="0" skipped="0">
  <reporter-output>
  </reporter-output>
  <suite started-at="2022-06-20T14:43:31 IST" name="Default suite" finished-at="2022-06-20T14:43:33 IST" duration-ms="1684">
    <groups>
    </groups>
    <test started-at="2022-06-20T14:43:31 IST" name="Default test" finished-at="2022-06-20T14:43:33 IST" duration-ms="1684">
      <class name="Test.UserTest">
        <test-method signature="DeleteMethod()[pri:0, instance:Test.UserTest@66498326]" started-at="2022-06-20T14:43:31 IST" name="DeleteMethod" finished-at="2022-06-20T14:43:33 IST" duration-ms="1423" status="PASS">
          <reporter-output>
          </reporter-output>
        </test-method> <!-- DeleteMethod -->
        <test-method signature="PostMethod()[pri:1, instance:Test.UserTest@66498326]" started-at="2022-06-20T14:43:33 IST" name="PostMethod" finished-at="2022-06-20T14:43:33 IST" duration-ms="150" status="PASS">
          <reporter-output>
          </reporter-output>
        </test-method> <!-- PostMethod -->
        <test-method signature="GetMethod()[pri:2, instance:Test.UserTest@66498326]" started-at="2022-06-20T14:43:33 IST" name="GetMethod" finished-at="2022-06-20T14:43:33 IST" duration-ms="38" status="PASS">
          <reporter-output>
          </reporter-output>
        </test-method> <!-- GetMethod -->
        <test-method signature="PutMethod()[pri:3, instance:Test.UserTest@66498326]" started-at="2022-06-20T14:43:33 IST" name="PutMethod" finished-at="2022-06-20T14:43:33 IST" duration-ms="31" status="PASS">
          <reporter-output>
          </reporter-output>
        </test-method> <!-- PutMethod -->
      </class> <!-- Test.UserTest -->
    </test> <!-- Default test -->
  </suite> <!-- Default suite -->
</testng-results>
